<?xml version="1.0" encoding="UTF-8"?>
<!-- Generated by org.testng.reporters.JUnitReportReporter -->
<testsuite hostname="ELW5227" failures="0" tests="1" name="AssessmentWithTestNG.HRMLoginWithTestNg" time="4.543" errors="0" timestamp="2022-10-08T14:44:19 IST" skipped="0">
  <testcase classname="AssessmentWithTestNG.HRMLoginWithTestNg" name="HRMLoginPage" time="4.543"/>
  <system-out/>
</testsuite> <!-- AssessmentWithTestNG.HRMLoginWithTestNg -->
