<?xml version="1.0" encoding="UTF-8"?>
<!-- Generated by org.testng.reporters.JUnitReportReporter -->
<testsuite hostname="ELW5227" failures="0" tests="2" name="AssessmentWithTestNG.MethodoverLoadingUsingTestNG" time="22.258" errors="0" timestamp="2022-10-08T14:45:23 IST" skipped="0">
  <testcase classname="AssessmentWithTestNG.MethodoverLoadingUsingTestNG" name="search" time="13.026"/>
  <system-out/>
  <testcase classname="AssessmentWithTestNG.MethodoverLoadingUsingTestNG" name="search" time="9.232"/>
  <system-out/>
</testsuite> <!-- AssessmentWithTestNG.MethodoverLoadingUsingTestNG -->
