<?xml version="1.0" encoding="UTF-8"?>
<!-- Generated by org.testng.reporters.JUnitReportReporter -->
<testsuite hostname="ELW5227" failures="0" tests="1" name="AssessmentWithTestNG.HRMProgramForLeaveWithTestNG" time="9.572" errors="0" timestamp="2022-10-08T14:44:48 IST" skipped="0">
  <testcase classname="AssessmentWithTestNG.HRMProgramForLeaveWithTestNG" name="HRMApplyLeave" time="9.572"/>
  <system-out/>
</testsuite> <!-- AssessmentWithTestNG.HRMProgramForLeaveWithTestNG -->
