<?xml version="1.0" encoding="UTF-8"?>
<!-- Generated by org.testng.reporters.JUnitReportReporter -->
<testsuite hostname="ELW5227" failures="0" tests="3" name="AssessmentWithTestNG.Orange_HRM_TestNG" time="21.415" errors="0" timestamp="2022-10-08T13:46:38 IST" skipped="0">
  <testcase classname="AssessmentWithTestNG.Orange_HRM_TestNG" name="search" time="7.527"/>
  <system-out/>
  <testcase classname="AssessmentWithTestNG.Orange_HRM_TestNG" name="search" time="9.740"/>
  <system-out/>
  <testcase classname="AssessmentWithTestNG.Orange_HRM_TestNG" name="HRMLoginPage" time="4.148"/>
  <system-out/>
</testsuite> <!-- AssessmentWithTestNG.Orange_HRM_TestNG -->
